<?xml version="1.0" encoding="windows-1252" standalone="no"?>
<!DOCTYPE log SYSTEM "logger.dtd">
<log>
<record>
  <date>2011-06-21T12:32:10</date>
  <millis>1308684730183</millis>
  <sequence>0</sequence>
  <logger>com.tss.test.logging.WriteLogToFile</logger>
  <level>INFO</level>
  <class>com.tss.test.logging.WriteLogToFile</class>
  <method>main</method>
  <thread>10</thread>
  <message>Information message</message>
</record>
<record>
  <date>2011-06-21T12:32:10</date>
  <millis>1308684730214</millis>
  <sequence>1</sequence>
  <logger>com.tss.test.logging.WriteLogToFile</logger>
  <level>WARNING</level>
  <class>com.tss.test.logging.WriteLogToFile</class>
  <method>main</method>
  <thread>10</thread>
  <message>Warning message</message>
</record>
</log>
